2026-04-21 18:44, success
2026-04-21 19:36, success
2026-04-21 20:28, success
2026-04-21 21:10, success
2026-04-21 21:57, success
2026-04-21 22:34, success
2026-04-21 23:10, success
2026-04-21 23:50, success
2026-04-22 01:07, success
2026-04-22 04:14, success
2026-04-22 06:10, success
2026-04-22 08:04, success
2026-04-22 09:45, success
2026-04-22 10:51, success
2026-04-22 11:46, success
2026-04-22 12:47, success
2026-04-22 14:23, success
2026-04-22 15:46, success
2026-04-22 16:43, success
2026-04-22 17:42, success
2026-04-22 18:44, success
2026-04-22 19:51, success
2026-04-22 20:40, success
2026-04-22 21:33, success
2026-04-22 22:25, success
2026-04-22 23:10, success
2026-04-22 23:58, success
2026-04-23 02:29, success
2026-04-23 05:15, success
2026-04-23 07:09, success
2026-04-23 09:01, success
2026-04-23 10:25, success
2026-04-23 11:35, success
2026-04-23 12:42, success
2026-04-23 14:23, success
2026-04-23 16:14, success
2026-04-23 17:45, success
2026-04-23 18:45, success
2026-04-23 19:55, success
2026-04-23 20:42, success
2026-04-23 21:29, success
2026-04-23 22:08, success
2026-04-23 23:02, success
2026-04-23 23:54, success
2026-04-24 01:19, success
2026-04-24 04:28, success
2026-04-24 06:24, success
2026-04-24 08:26, success
2026-04-24 10:00, success
2026-04-24 11:10, success
2026-04-24 12:03, success
2026-04-24 14:00, success
2026-04-24 15:12, success
2026-04-24 16:12, success
2026-04-24 17:12, success
2026-04-24 17:58, success
2026-04-24 18:49, success
2026-04-24 19:40, success
2026-04-24 20:27, success
2026-04-24 21:11, success
2026-04-24 22:00, success
2026-04-24 22:44, success
2026-04-24 23:25, success
2026-04-24 23:59, success
2026-04-25 02:38, success
2026-04-25 05:00, success
2026-04-25 06:21, success
2026-04-25 07:48, success
2026-04-25 08:36, success
2026-04-25 09:32, success
2026-04-25 10:23, success
2026-04-25 11:08, success
2026-04-25 11:50, success
2026-04-25 12:31, success
2026-04-25 13:45, success
2026-04-25 14:28, success
2026-04-25 15:08, success
2026-04-25 15:53, success
2026-04-25 16:25, success
2026-04-25 17:06, success
2026-04-25 17:52, success
2026-04-25 18:30, success
2026-04-25 19:26, success
2026-04-25 19:59, success
2026-04-25 20:40, success
2026-04-25 21:19, success
2026-04-25 21:54, success
2026-04-25 22:23, success
2026-04-25 23:00, success
2026-04-25 23:41, success
2026-04-26 01:12, success
2026-04-26 04:31, success
2026-04-26 06:24, success
2026-04-26 07:57, success
2026-04-26 08:53, success
2026-04-26 09:40, success
2026-04-26 10:28, success
2026-04-26 11:10, success
2026-04-26 11:53, success
2026-04-26 12:33, success
2026-04-26 13:48, success
2026-04-26 14:32, success
2026-04-26 15:22, success
2026-04-26 16:00, success
2026-04-26 16:51, success
2026-04-26 17:27, success
2026-04-26 18:04, success
2026-04-26 19:09, success
2026-04-26 19:52, success
2026-04-26 20:23, success
2026-04-26 21:00, success
2026-04-26 21:41, success
2026-04-26 22:19, success
2026-04-26 23:01, success
2026-04-26 23:45, success
2026-04-27 01:15, success
2026-04-27 04:40, success
2026-04-27 07:19, success
2026-04-27 09:32, success
2026-04-27 11:23, success
2026-04-27 12:56, success
2026-04-27 15:00, success
2026-04-27 16:43, success
2026-04-27 17:52, success
2026-04-27 18:59, success
2026-04-27 20:08, success
2026-04-27 21:15, success
2026-04-27 22:07, success
2026-04-27 23:06, success
2026-04-28 00:01, success
2026-04-28 03:49, success
2026-04-28 06:21, success
2026-04-28 08:41, success
2026-04-28 10:34, success
2026-04-28 12:13, success
2026-04-28 14:41, success
2026-04-28 16:27, success
2026-04-28 17:59, success
2026-04-28 19:42, success
2026-04-28 20:50, success
2026-04-28 21:45, success
2026-04-28 22:39, success
2026-04-28 23:33, success
2026-04-29 01:17, success
2026-04-29 04:41, success
2026-04-29 07:08, success
2026-04-29 09:22, success
2026-04-29 11:10, success
2026-04-29 12:51, success
2026-04-29 14:58, success
2026-04-29 16:26, success
2026-04-29 17:55, success
2026-04-29 19:06, success
2026-04-29 20:18, success
2026-04-29 21:32, success
2026-04-29 22:33, success
2026-04-29 23:30, success
2026-04-30 01:15, success
2026-04-30 04:43, success
2026-04-30 07:14, success
2026-04-30 09:25, success
2026-04-30 11:12, success
2026-04-30 12:52, success
2026-04-30 14:54, success
2026-04-30 16:10, success
2026-04-30 17:42, success
2026-04-30 18:56, success
2026-04-30 20:06, success
2026-04-30 21:13, success
2026-04-30 22:08, success
2026-04-30 23:06, success
2026-05-01 00:01, success
2026-05-01 03:51, success
2026-05-01 06:29, success
2026-05-01 08:29, success
2026-05-01 10:05, success
2026-05-01 11:17, success
2026-05-01 12:07, success
2026-05-01 13:50, success
2026-05-01 14:42, success
2026-05-01 15:38, success
2026-05-01 16:35, success
2026-05-01 17:35, success
2026-05-01 18:42, success
2026-05-01 19:50, success
2026-05-01 20:37, success
2026-05-01 21:31, success
2026-05-01 22:25, success
2026-05-01 23:12, success
2026-05-02 00:04, success
2026-05-02 03:41, success
2026-05-02 05:54, success
2026-05-02 07:16, success
2026-05-02 08:44, success
2026-05-02 09:46, success
2026-05-02 10:35, success
2026-05-02 11:26, success
2026-05-02 12:04, success
2026-05-02 13:41, success
2026-05-02 14:32, success
2026-05-02 15:24, success
2026-05-02 16:04, success
2026-05-02 17:01, success
2026-05-02 17:51, success
2026-05-02 18:36, success
2026-05-02 19:38, success
2026-05-02 20:07, success
2026-05-02 20:57, success
2026-05-02 21:35, success
2026-05-02 22:09, success
2026-05-02 23:00, success
2026-05-02 23:51, success
2026-05-03 01:22, success
2026-05-03 04:51, success
2026-05-03 07:10, success
2026-05-03 08:55, success
2026-05-03 09:58, success
2026-05-03 10:53, success
2026-05-03 11:32, success
2026-05-03 12:07, success
2026-05-03 13:44, success
2026-05-03 14:34, success
2026-05-03 15:24, success
2026-05-03 16:04, success
2026-05-03 17:02, success
2026-05-03 17:52, success
2026-05-03 18:37, success
2026-05-03 19:38, success
2026-05-03 20:09, success
2026-05-03 20:59, success
2026-05-03 21:41, success
2026-05-03 22:22, success
2026-05-03 23:07, success
2026-05-03 23:59, success
2026-05-04 02:55, success
2026-05-04 05:54, success
2026-05-04 08:11, success
2026-05-04 10:23, success
2026-05-04 12:08, success
2026-05-04 14:27, success
2026-05-04 16:17, success
2026-05-04 17:53, success
2026-05-04 19:08, success
2026-05-04 20:39, success
2026-05-04 21:43, success
2026-05-04 22:39, success
2026-05-04 23:30, success
2026-05-05 01:20, failed
2026-05-05 04:26, success
2026-05-05 06:32, success
2026-05-05 08:35, success
2026-05-05 10:22, success
2026-05-05 11:43, success
2026-05-05 12:54, success
2026-05-05 16:24, success
2026-05-05 17:57, success
2026-05-05 19:10, success
2026-05-05 20:15, success
2026-05-05 21:15, success
2026-05-05 22:13, success
2026-05-05 23:10, success
2026-05-06 00:00, success
2026-05-06 03:29, success
2026-05-06 06:17, success
2026-05-06 10:36, success
2026-05-06 11:18, success, http=401, consecutive_failures=0
2026-05-06 11:28, success, http=401, consecutive_failures=0
2026-05-06 12:17, success, http=401, consecutive_failures=0
2026-05-06 14:49, success, http=401, consecutive_failures=0
2026-05-06 16:20, success, http=401, consecutive_failures=0
2026-05-06 17:54, success, http=401, consecutive_failures=0
2026-05-06 19:15, success, http=401, consecutive_failures=0
2026-05-06 20:46, success, http=401, consecutive_failures=0
2026-05-06 21:46, success, http=401, consecutive_failures=0
2026-05-06 22:33, success, http=401, consecutive_failures=0
2026-05-06 23:29, success, http=401, consecutive_failures=0
2026-05-07 00:12, success, http=401, consecutive_failures=0
2026-05-07 04:03, success, http=401, consecutive_failures=0
2026-05-07 06:46, success, http=401, consecutive_failures=0
2026-05-07 09:16, success, http=401, consecutive_failures=0
2026-05-07 11:20, success, http=401, consecutive_failures=0
2026-05-07 13:10, success, http=401, consecutive_failures=0
2026-05-07 15:34, success, http=401, consecutive_failures=0
2026-05-07 17:19, success, http=401, consecutive_failures=0
2026-05-07 19:03, success, http=401, consecutive_failures=0
2026-05-07 20:21, success, http=401, consecutive_failures=0
2026-05-07 21:16, success, http=401, consecutive_failures=0
2026-05-07 22:17, success, http=401, consecutive_failures=0
2026-05-07 23:12, success, http=401, consecutive_failures=0
2026-05-08 00:05, success, http=401, consecutive_failures=0
2026-05-08 03:48, success, http=401, consecutive_failures=0
2026-05-08 05:48, success, http=401, consecutive_failures=0
2026-05-08 07:09, success, http=401, consecutive_failures=0
2026-05-08 08:47, success, http=401, consecutive_failures=0
2026-05-08 10:10, success, http=401, consecutive_failures=0
2026-05-08 11:43, success, http=401, consecutive_failures=0
2026-05-08 12:59, success, http=401, consecutive_failures=0
2026-05-08 14:51, success, http=401, consecutive_failures=0
2026-05-08 16:04, success, http=401, consecutive_failures=0
2026-05-08 17:40, success, http=401, consecutive_failures=0
2026-05-08 18:56, success, http=401, consecutive_failures=0
2026-05-08 20:03, success, http=401, consecutive_failures=0
2026-05-08 21:12, success, http=401, consecutive_failures=0
2026-05-08 22:10, success, http=401, consecutive_failures=0
2026-05-08 23:08, success, http=401, consecutive_failures=0
2026-05-09 00:07, success, http=401, consecutive_failures=0
2026-05-09 03:51, success, http=401, consecutive_failures=0
2026-05-09 06:06, success, http=401, consecutive_failures=0
2026-05-09 08:07, success, http=401, consecutive_failures=0
2026-05-09 09:41, success, http=401, consecutive_failures=0
2026-05-09 10:35, success, http=401, consecutive_failures=0
2026-05-09 11:28, success, http=401, consecutive_failures=0
2026-05-09 12:08, success, http=401, consecutive_failures=0
2026-05-09 13:48, success, http=401, consecutive_failures=0
2026-05-09 14:38, success, http=401, consecutive_failures=0
2026-05-09 15:33, success, http=401, consecutive_failures=0
2026-05-09 16:30, success, http=401, consecutive_failures=0
2026-05-09 17:28, success, http=401, consecutive_failures=0
2026-05-09 18:12, success, http=401, consecutive_failures=0
2026-05-09 19:32, success, http=401, consecutive_failures=0
2026-05-09 20:09, success, http=401, consecutive_failures=0
2026-05-09 20:59, success, http=401, consecutive_failures=0
2026-05-09 21:46, success, http=401, consecutive_failures=0
2026-05-09 22:26, success, http=401, consecutive_failures=0
2026-05-09 23:10, success, http=401, consecutive_failures=0
2026-05-10 00:01, success, http=401, consecutive_failures=0
2026-05-10 03:51, success, http=401, consecutive_failures=0
2026-05-10 06:26, success, http=401, consecutive_failures=0
2026-05-10 08:24, success, http=401, consecutive_failures=0
2026-05-10 09:51, success, http=401, consecutive_failures=0
2026-05-10 10:49, success, http=401, consecutive_failures=0
2026-05-10 11:37, success, http=401, consecutive_failures=0
2026-05-10 12:36, success, http=401, consecutive_failures=0
2026-05-10 14:03, success, http=401, consecutive_failures=0
2026-05-10 15:02, success, http=401, consecutive_failures=0
2026-05-10 16:00, success, http=401, consecutive_failures=0
2026-05-10 17:00, success, http=401, consecutive_failures=0
2026-05-10 17:53, success, http=401, consecutive_failures=0
2026-05-10 18:40, success, http=401, consecutive_failures=0
2026-05-10 19:44, success, http=401, consecutive_failures=0
2026-05-10 20:28, success, http=401, consecutive_failures=0
2026-05-10 21:11, success, http=401, consecutive_failures=0
2026-05-10 22:02, success, http=401, consecutive_failures=0
2026-05-10 22:57, success, http=401, consecutive_failures=0
2026-05-10 23:45, success, http=401, consecutive_failures=0
2026-05-11 01:30, success, http=401, consecutive_failures=0
2026-05-11 05:34, success, http=401, consecutive_failures=0
2026-05-11 08:43, success, http=401, consecutive_failures=0
2026-05-11 11:46, success, http=401, consecutive_failures=0
2026-05-11 14:11, success, http=401, consecutive_failures=0
2026-05-11 16:43, success, http=401, consecutive_failures=0
2026-05-11 18:24, success, http=401, consecutive_failures=0
2026-05-11 20:10, success, http=401, consecutive_failures=0
2026-05-11 21:39, success, http=401, consecutive_failures=0
2026-05-11 22:36, success, http=401, consecutive_failures=0
2026-05-11 23:34, success, http=401, consecutive_failures=0
2026-05-12 01:19, success, http=401, consecutive_failures=0
2026-05-12 04:49, success, http=401, consecutive_failures=0
2026-05-12 07:33, success, http=401, consecutive_failures=0
2026-05-12 10:07, success, http=401, consecutive_failures=0
2026-05-12 12:07, success, http=401, consecutive_failures=0
2026-05-12 14:46, success, http=401, consecutive_failures=0
2026-05-12 16:57, success, http=401, consecutive_failures=0
2026-05-12 18:53, success, http=401, consecutive_failures=0
2026-05-12 20:21, success, http=401, consecutive_failures=0
2026-05-12 21:44, success, http=401, consecutive_failures=0
2026-05-12 22:45, success, http=401, consecutive_failures=0
2026-05-12 23:42, success, http=401, consecutive_failures=0
2026-05-13 01:27, success, http=401, consecutive_failures=0
2026-05-13 05:06, success, http=401, consecutive_failures=0
2026-05-13 08:08, success, http=401, consecutive_failures=0
2026-05-13 10:40, suspected, http=000, consecutive_failures=1
2026-05-13 12:30, suspected, http=000, consecutive_failures=2
2026-05-13 15:25, failed, http=000, consecutive_failures=3
2026-05-13 17:31, failed, http=000, consecutive_failures=4
2026-05-13 19:18, failed, http=000, consecutive_failures=5
2026-05-13 20:57, failed, http=000, consecutive_failures=6
2026-05-13 22:06, failed, http=000, consecutive_failures=7
2026-05-13 23:16, failed, http=000, consecutive_failures=8
2026-05-14 00:16, failed, http=000, consecutive_failures=9
2026-05-14 04:14, failed, http=000, consecutive_failures=10
2026-05-14 07:21, failed, http=000, consecutive_failures=11
2026-05-14 09:41, failed, http=000, consecutive_failures=12
2026-05-14 11:28, failed, http=000, consecutive_failures=13
2026-05-14 13:14, failed, http=000, consecutive_failures=14
2026-05-14 15:32, failed, http=000, consecutive_failures=15
2026-05-14 17:21, failed, http=000, consecutive_failures=16
2026-05-14 19:12, failed, http=000, consecutive_failures=17
2026-05-14 20:44, failed, http=000, consecutive_failures=18
2026-05-14 21:50, failed, http=000, consecutive_failures=19
2026-05-14 22:44, failed, http=000, consecutive_failures=20
2026-05-14 23:37, failed, http=000, consecutive_failures=21
2026-05-15 01:27, failed, http=000, consecutive_failures=22
2026-05-15 05:09, failed, http=000, consecutive_failures=23
2026-05-15 08:14, failed, http=000, consecutive_failures=24
2026-05-15 10:37, failed, http=000, consecutive_failures=25
2026-05-15 12:20, failed, http=000, consecutive_failures=26
2026-05-15 14:40, failed, http=000, consecutive_failures=27
2026-05-15 16:23, failed, http=000, consecutive_failures=28
2026-05-15 17:56, failed, http=000, consecutive_failures=29
2026-05-15 19:17, failed, http=000, consecutive_failures=30
2026-05-15 20:35, failed, http=000, consecutive_failures=31
2026-05-15 21:37, failed, http=000, consecutive_failures=32
2026-05-15 22:34, failed, http=000, consecutive_failures=33
2026-05-15 23:30, failed, http=000, consecutive_failures=34
2026-05-16 01:16, failed, http=000, consecutive_failures=35
2026-05-16 04:39, failed, http=000, consecutive_failures=36
2026-05-16 07:01, failed, http=000, consecutive_failures=37
2026-05-16 08:52, failed, http=000, consecutive_failures=38
2026-05-16 10:05, failed, http=000, consecutive_failures=39
2026-05-16 11:12, failed, http=000, consecutive_failures=40
2026-05-16 12:04, failed, http=000, consecutive_failures=41
2026-05-16 13:52, failed, http=000, consecutive_failures=42
2026-05-16 14:44, failed, http=000, consecutive_failures=43
2026-05-16 15:41, failed, http=000, consecutive_failures=44
2026-05-16 16:34, failed, http=000, consecutive_failures=45
2026-05-16 17:32, failed, http=000, consecutive_failures=46
2026-05-16 18:33, failed, http=000, consecutive_failures=47
2026-05-16 19:41, failed, http=000, consecutive_failures=48
2026-05-16 20:26, failed, http=000, consecutive_failures=49
2026-05-16 21:08, failed, http=000, consecutive_failures=50
2026-05-16 22:01, failed, http=000, consecutive_failures=51
2026-05-16 22:53, failed, http=000, consecutive_failures=52
2026-05-16 23:37, failed, http=000, consecutive_failures=53
2026-05-17 01:28, failed, http=000, consecutive_failures=54
2026-05-17 05:08, failed, http=000, consecutive_failures=55
2026-05-17 07:42, failed, http=000, consecutive_failures=56
2026-05-17 09:23, failed, http=000, consecutive_failures=57
2026-05-17 10:45, failed, http=000, consecutive_failures=58
2026-05-17 11:45, failed, http=000, consecutive_failures=59
2026-05-17 12:40, failed, http=000, consecutive_failures=60
2026-05-17 14:09, failed, http=000, consecutive_failures=61
2026-05-17 15:14, failed, http=000, consecutive_failures=62
2026-05-17 16:11, failed, http=000, consecutive_failures=63
2026-05-17 17:12, failed, http=000, consecutive_failures=64
2026-05-17 18:09, failed, http=000, consecutive_failures=65
2026-05-17 19:33, failed, http=000, consecutive_failures=66
2026-05-17 20:26, failed, http=000, consecutive_failures=67
2026-05-17 21:12, failed, http=000, consecutive_failures=68
2026-05-17 22:07, failed, http=000, consecutive_failures=69
2026-05-17 23:07, failed, http=000, consecutive_failures=70
2026-05-18 00:07, failed, http=000, consecutive_failures=71
2026-05-18 04:38, failed, http=000, consecutive_failures=72
2026-05-18 08:33, failed, http=000, consecutive_failures=73
2026-05-18 12:00, failed, http=000, consecutive_failures=74
2026-05-18 15:40, failed, http=000, consecutive_failures=75
2026-05-18 17:47, failed, http=000, consecutive_failures=76
2026-05-18 19:16, failed, http=000, consecutive_failures=77
2026-05-18 20:47, failed, http=000, consecutive_failures=78
2026-05-18 21:52, failed, http=000, consecutive_failures=79
2026-05-18 22:44, failed, http=000, consecutive_failures=80
2026-05-18 23:45, failed, http=000, consecutive_failures=81
2026-05-19 01:48, failed, http=000, consecutive_failures=82
2026-05-19 05:51, failed, http=000, consecutive_failures=83
2026-05-19 08:50, failed, http=000, consecutive_failures=84
2026-05-19 11:48, failed, http=000, consecutive_failures=85
2026-05-19 14:18, failed, http=000, consecutive_failures=86
2026-05-19 17:17, failed, http=000, consecutive_failures=87
2026-05-19 19:19, failed, http=000, consecutive_failures=88
2026-05-19 20:53, failed, http=000, consecutive_failures=89
2026-05-19 22:02, failed, http=000, consecutive_failures=90
2026-05-19 23:12, failed, http=000, consecutive_failures=91
2026-05-20 00:17, failed, http=000, consecutive_failures=92
2026-05-20 04:38, failed, http=000, consecutive_failures=93
2026-05-20 08:03, failed, http=000, consecutive_failures=94
2026-05-20 11:16, failed, http=000, consecutive_failures=95
2026-05-20 13:47, failed, http=000, consecutive_failures=96
2026-05-20 16:39, failed, http=000, consecutive_failures=97
2026-05-20 19:05, failed, http=000, consecutive_failures=98
2026-05-20 21:06, failed, http=000, consecutive_failures=99
2026-05-20 22:40, failed, http=000, consecutive_failures=100
2026-05-20 23:52, failed, http=000, consecutive_failures=101
2026-05-21 01:50, failed, http=000, consecutive_failures=102
2026-05-21 05:56, failed, http=000, consecutive_failures=103
2026-05-21 08:58, failed, http=000, consecutive_failures=104
2026-05-21 12:12, failed, http=000, consecutive_failures=105
2026-05-21 15:51, failed, http=000, consecutive_failures=106
2026-05-21 17:47, failed, http=000, consecutive_failures=107
2026-05-21 19:30, failed, http=000, consecutive_failures=108
2026-05-21 21:13, failed, http=000, consecutive_failures=109
2026-05-21 22:41, failed, http=000, consecutive_failures=110
2026-05-21 23:39, failed, http=000, consecutive_failures=111
2026-05-22 01:33, failed, http=000, consecutive_failures=112
2026-05-22 05:44, failed, http=000, consecutive_failures=113
2026-05-22 08:39, failed, http=000, consecutive_failures=114
2026-05-22 11:28, failed, http=000, consecutive_failures=115
2026-05-22 13:42, failed, http=000, consecutive_failures=116
2026-05-22 16:05, failed, http=000, consecutive_failures=117
2026-05-22 18:00, failed, http=000, consecutive_failures=118
2026-05-22 19:49, failed, http=000, consecutive_failures=119
2026-05-22 21:00, failed, http=000, consecutive_failures=120
2026-05-22 22:10, failed, http=000, consecutive_failures=121
2026-05-22 23:17, failed, http=000, consecutive_failures=122
2026-05-23 00:16, failed, http=000, consecutive_failures=123
2026-05-23 04:09, failed, http=000, consecutive_failures=124
2026-05-23 06:43, failed, http=000, consecutive_failures=125
2026-05-23 08:53, failed, http=000, consecutive_failures=126
2026-05-23 10:18, failed, http=000, consecutive_failures=127
2026-05-23 11:37, failed, http=000, consecutive_failures=128
2026-05-23 12:40, failed, http=000, consecutive_failures=129
2026-05-23 14:12, failed, http=000, consecutive_failures=130
2026-05-23 15:18, failed, http=000, consecutive_failures=131
2026-05-23 16:15, failed, http=000, consecutive_failures=132
2026-05-23 17:17, failed, http=000, consecutive_failures=133
2026-05-23 18:12, failed, http=000, consecutive_failures=134
2026-05-23 19:36, failed, http=000, consecutive_failures=135
2026-05-23 20:28, failed, http=000, consecutive_failures=136
2026-05-23 21:25, failed, http=000, consecutive_failures=137
2026-05-23 22:11, failed, http=000, consecutive_failures=138
2026-05-23 23:09, failed, http=000, consecutive_failures=139
2026-05-24 00:09, failed, http=000, consecutive_failures=140
2026-05-24 04:36, failed, http=000, consecutive_failures=141
2026-05-24 07:38, failed, http=000, consecutive_failures=142
2026-05-24 09:30, failed, http=000, consecutive_failures=143
2026-05-24 10:55, failed, http=000, consecutive_failures=144
2026-05-24 11:57, failed, http=000, consecutive_failures=145
2026-05-24 13:16, failed, http=000, consecutive_failures=146
2026-05-24 14:44, failed, http=000, consecutive_failures=147
2026-05-24 15:47, failed, http=000, consecutive_failures=148
2026-05-24 16:44, failed, http=000, consecutive_failures=149
2026-05-24 17:41, failed, http=000, consecutive_failures=150
2026-05-24 18:46, failed, http=000, consecutive_failures=151
2026-05-24 19:52, failed, http=000, consecutive_failures=152
2026-05-24 20:39, failed, http=000, consecutive_failures=153
2026-05-24 21:36, failed, http=000, consecutive_failures=154
2026-05-24 22:36, failed, http=000, consecutive_failures=155
2026-05-24 23:38, failed, http=000, consecutive_failures=156
2026-05-25 01:36, failed, http=000, consecutive_failures=157
2026-05-25 06:06, failed, http=000, consecutive_failures=158
2026-05-25 10:43, failed, http=000, consecutive_failures=159
2026-05-25 13:48, failed, http=000, consecutive_failures=160
2026-05-25 16:10, failed, http=000, consecutive_failures=161
2026-05-25 17:53, failed, http=000, consecutive_failures=162
2026-05-25 19:09, failed, http=000, consecutive_failures=163
2026-05-25 20:41, failed, http=000, consecutive_failures=164
2026-05-25 21:50, failed, http=000, consecutive_failures=165
2026-05-25 22:46, failed, http=000, consecutive_failures=166
2026-05-25 23:46, failed, http=000, consecutive_failures=167
2026-05-26 01:31, failed, http=000, consecutive_failures=168
2026-05-26 05:43, failed, http=000, consecutive_failures=169
2026-05-26 08:54, failed, http=000, consecutive_failures=170
2026-05-26 14:27, failed, http=000, consecutive_failures=171
2026-05-26 17:41, failed, http=000, consecutive_failures=172
2026-05-26 19:37, failed, http=000, consecutive_failures=173
2026-05-26 21:16, failed, http=000, consecutive_failures=174
2026-05-26 22:40, failed, http=000, consecutive_failures=175
2026-05-26 23:45, failed, http=000, consecutive_failures=176
2026-05-27 01:52, failed, http=000, consecutive_failures=177
2026-05-27 06:04, failed, http=000, consecutive_failures=178
2026-05-27 10:14, failed, http=000, consecutive_failures=179
2026-05-27 13:48, failed, http=000, consecutive_failures=180
2026-05-27 16:53, failed, http=000, consecutive_failures=181
2026-05-27 19:10, failed, http=000, consecutive_failures=182
2026-05-27 21:07, failed, http=000, consecutive_failures=183
2026-05-27 22:48, failed, http=000, consecutive_failures=184
2026-05-27 23:49, failed, http=000, consecutive_failures=185
2026-05-28 01:27, failed, http=000, consecutive_failures=186
2026-05-28 05:43, failed, http=000, consecutive_failures=187
2026-05-28 09:04, failed, http=000, consecutive_failures=188
2026-05-28 12:39, failed, http=000, consecutive_failures=189
2026-05-28 16:41, failed, http=000, consecutive_failures=190
2026-05-28 19:18, failed, http=000, consecutive_failures=191
2026-05-28 21:22, failed, http=000, consecutive_failures=192
2026-05-28 22:48, failed, http=000, consecutive_failures=193
2026-05-28 23:56, failed, http=000, consecutive_failures=194
2026-05-29 02:29, failed, http=000, consecutive_failures=195
2026-05-29 06:38, failed, http=000, consecutive_failures=196
2026-05-29 10:32, failed, http=000, consecutive_failures=197
2026-05-29 13:44, failed, http=000, consecutive_failures=198
2026-05-29 17:01, failed, http=000, consecutive_failures=199
2026-05-29 19:34, failed, http=000, consecutive_failures=200
2026-05-29 21:23, failed, http=000, consecutive_failures=201
2026-05-29 22:46, failed, http=000, consecutive_failures=202
2026-05-29 23:54, failed, http=000, consecutive_failures=203
2026-05-30 01:46, failed, http=000, consecutive_failures=204
2026-05-30 05:35, failed, http=000, consecutive_failures=205
2026-05-30 08:05, failed, http=000, consecutive_failures=206
2026-05-30 10:09, failed, http=000, consecutive_failures=207
2026-05-30 11:43, failed, http=000, consecutive_failures=208
2026-05-30 12:48, failed, http=000, consecutive_failures=209
2026-05-30 14:19, failed, http=000, consecutive_failures=210
2026-05-30 15:39, failed, http=000, consecutive_failures=211
2026-05-30 16:39, failed, http=000, consecutive_failures=212
2026-05-30 17:42, failed, http=000, consecutive_failures=213
2026-05-30 18:45, failed, http=000, consecutive_failures=214
2026-05-30 19:55, failed, http=000, consecutive_failures=215
2026-05-30 20:43, failed, http=000, consecutive_failures=216
2026-05-30 21:41, failed, http=000, consecutive_failures=217
2026-05-30 22:37, failed, http=000, consecutive_failures=218
2026-05-30 23:38, failed, http=000, consecutive_failures=219
2026-05-31 01:37, failed, http=000, consecutive_failures=220
2026-05-31 06:00, failed, http=000, consecutive_failures=221
2026-05-31 08:51, failed, http=000, consecutive_failures=222
2026-05-31 10:48, failed, http=000, consecutive_failures=223
2026-05-31 12:04, failed, http=000, consecutive_failures=224
2026-05-31 14:06, failed, http=000, consecutive_failures=225
2026-05-31 15:25, failed, http=000, consecutive_failures=226
2026-05-31 16:39, failed, http=000, consecutive_failures=227
2026-05-31 17:43, failed, http=000, consecutive_failures=228
2026-05-31 18:50, failed, http=000, consecutive_failures=229
2026-05-31 19:57, failed, http=000, consecutive_failures=230
2026-05-31 20:52, failed, http=000, consecutive_failures=231
2026-05-31 21:43, failed, http=000, consecutive_failures=232
2026-05-31 22:40, failed, http=000, consecutive_failures=233
2026-05-31 23:43, failed, http=000, consecutive_failures=234
2026-06-01 02:00, failed, http=000, consecutive_failures=235
2026-06-01 06:59, failed, http=000, consecutive_failures=236
2026-06-01 12:36, failed, http=000, consecutive_failures=237
2026-06-01 18:25, failed, http=000, consecutive_failures=238
2026-06-01 21:46, failed, http=000, consecutive_failures=239
2026-06-01 23:17, failed, http=000, consecutive_failures=240
2026-06-02 01:38, failed, http=000, consecutive_failures=241
2026-06-02 06:19, failed, http=000, consecutive_failures=242
2026-06-02 10:57, failed, http=000, consecutive_failures=243
2026-06-02 14:47, failed, http=000, consecutive_failures=244
2026-06-02 18:26, failed, http=000, consecutive_failures=245
2026-06-02 21:27, failed, http=000, consecutive_failures=246
2026-06-02 23:14, failed, http=000, consecutive_failures=247
2026-06-03 01:46, failed, http=000, consecutive_failures=248
2026-06-03 06:32, failed, http=000, consecutive_failures=249
2026-06-03 11:29, failed, http=000, consecutive_failures=250
2026-06-03 15:59, failed, http=000, consecutive_failures=251
2026-06-03 19:47, failed, http=000, consecutive_failures=252
2026-06-03 22:17, failed, http=000, consecutive_failures=253
2026-06-04 00:03, failed, http=000, consecutive_failures=254
2026-06-04 04:57, failed, http=000, consecutive_failures=255
2026-06-04 08:44, failed, http=000, consecutive_failures=256
2026-06-04 11:39, failed, http=000, consecutive_failures=257
2026-06-04 14:18, failed, http=000, consecutive_failures=258
2026-06-04 17:24, failed, http=000, consecutive_failures=259
2026-06-04 19:34, failed, http=000, consecutive_failures=260
2026-06-04 21:15, failed, http=000, consecutive_failures=261
2026-06-04 22:45, failed, http=000, consecutive_failures=262
2026-06-04 23:52, failed, http=000, consecutive_failures=263
2026-06-05 01:56, failed, http=000, consecutive_failures=264
2026-06-05 06:13, failed, http=000, consecutive_failures=265
2026-06-05 10:16, failed, http=000, consecutive_failures=266
2026-06-05 13:25, failed, http=000, consecutive_failures=267
2026-06-05 16:10, failed, http=000, consecutive_failures=268
2026-06-05 18:06, failed, http=000, consecutive_failures=269
2026-06-05 20:06, failed, http=000, consecutive_failures=270
2026-06-05 21:41, failed, http=000, consecutive_failures=271
2026-06-05 22:46, failed, http=000, consecutive_failures=272
2026-06-05 23:50, failed, http=000, consecutive_failures=273
2026-06-06 01:47, failed, http=000, consecutive_failures=274
2026-06-06 05:42, failed, http=000, consecutive_failures=275
2026-06-06 08:10, failed, http=000, consecutive_failures=276
2026-06-06 10:19, failed, http=000, consecutive_failures=277
2026-06-06 11:47, failed, http=000, consecutive_failures=278
2026-06-06 12:56, failed, http=000, consecutive_failures=279
2026-06-06 14:24, failed, http=000, consecutive_failures=280
2026-06-06 15:45, failed, http=000, consecutive_failures=281
2026-06-06 16:47, failed, http=000, consecutive_failures=282
2026-06-06 17:52, failed, http=000, consecutive_failures=283
2026-06-06 18:57, failed, http=000, consecutive_failures=284
2026-06-06 20:06, failed, http=000, consecutive_failures=285
2026-06-06 21:14, failed, http=000, consecutive_failures=286
2026-06-06 22:16, failed, http=000, consecutive_failures=287
2026-06-06 23:18, failed, http=000, consecutive_failures=288
2026-06-07 01:33, failed, http=000, consecutive_failures=289
2026-06-07 06:05, failed, http=000, consecutive_failures=290
2026-06-07 09:31, failed, http=000, consecutive_failures=291
2026-06-07 11:20, failed, http=000, consecutive_failures=292
2026-06-07 12:52, failed, http=000, consecutive_failures=293
2026-06-07 14:43, failed, http=000, consecutive_failures=294
2026-06-07 15:58, failed, http=000, consecutive_failures=295
2026-06-07 17:13, failed, http=000, consecutive_failures=296
2026-06-07 18:19, failed, http=000, consecutive_failures=297
2026-06-07 19:49, failed, http=000, consecutive_failures=298
2026-06-07 20:53, failed, http=000, consecutive_failures=299
2026-06-07 21:55, failed, http=000, consecutive_failures=300
2026-06-07 22:52, failed, http=000, consecutive_failures=301
2026-06-07 23:53, failed, http=000, consecutive_failures=302
2026-06-08 02:06, failed, http=000, consecutive_failures=303
2026-06-08 06:57, failed, http=000, consecutive_failures=304
2026-06-08 11:51, failed, http=000, consecutive_failures=305
2026-06-08 15:18, failed, http=000, consecutive_failures=306
2026-06-08 18:09, failed, http=000, consecutive_failures=307
2026-06-08 20:30, failed, http=000, consecutive_failures=308
2026-06-08 22:10, failed, http=000, consecutive_failures=309
2026-06-08 23:22, failed, http=000, consecutive_failures=310
2026-06-09 01:25, failed, http=000, consecutive_failures=311
2026-06-09 05:36, failed, http=000, consecutive_failures=312
2026-06-09 08:48, failed, http=000, consecutive_failures=313
2026-06-09 11:47, failed, http=000, consecutive_failures=314
2026-06-09 14:07, failed, http=000, consecutive_failures=315
2026-06-09 16:41, failed, http=000, consecutive_failures=316
2026-06-09 18:36, failed, http=000, consecutive_failures=317
2026-06-09 20:33, failed, http=000, consecutive_failures=318
2026-06-09 22:10, failed, http=000, consecutive_failures=319
2026-06-09 23:40, failed, http=000, consecutive_failures=320
2026-06-10 01:50, failed, http=000, consecutive_failures=321
2026-06-10 06:08, failed, http=000, consecutive_failures=322
2026-06-10 10:20, failed, http=000, consecutive_failures=323
2026-06-10 13:51, failed, http=000, consecutive_failures=324
2026-06-10 16:51, failed, http=000, consecutive_failures=325
2026-06-10 19:25, failed, http=000, consecutive_failures=326
2026-06-10 21:32, failed, http=000, consecutive_failures=327
2026-06-10 23:09, failed, http=000, consecutive_failures=328
2026-06-11 01:36, failed, http=000, consecutive_failures=329
2026-06-11 06:21, failed, http=000, consecutive_failures=330
2026-06-11 11:01, failed, http=000, consecutive_failures=331
2026-06-11 14:40, failed, http=000, consecutive_failures=332
2026-06-11 17:54, failed, http=000, consecutive_failures=333
2026-06-11 20:03, failed, http=000, consecutive_failures=334
2026-06-11 22:08, failed, http=000, consecutive_failures=335
2026-06-11 23:50, failed, http=000, consecutive_failures=336
2026-06-12 02:01, failed, http=000, consecutive_failures=337
2026-06-12 06:49, failed, http=000, consecutive_failures=338
2026-06-12 10:54, failed, http=000, consecutive_failures=339
2026-06-12 13:55, failed, http=000, consecutive_failures=340
2026-06-12 16:37, failed, http=000, consecutive_failures=341
2026-06-12 18:27, failed, http=000, consecutive_failures=342
2026-06-12 20:34, failed, http=000, consecutive_failures=343
2026-06-12 22:09, failed, http=000, consecutive_failures=344
2026-06-12 23:45, failed, http=000, consecutive_failures=345
2026-06-13 01:53, failed, http=000, consecutive_failures=346
2026-06-13 06:04, failed, http=000, consecutive_failures=347
2026-06-13 09:29, failed, http=000, consecutive_failures=348
2026-06-13 11:28, failed, http=000, consecutive_failures=349
2026-06-13 13:02, failed, http=000, consecutive_failures=350
2026-06-13 15:04, failed, http=000, consecutive_failures=351
2026-06-13 16:24, failed, http=000, consecutive_failures=352
2026-06-13 17:49, failed, http=000, consecutive_failures=353
2026-06-13 18:59, failed, http=000, consecutive_failures=354
2026-06-13 20:16, failed, http=000, consecutive_failures=355
2026-06-13 21:39, failed, http=000, consecutive_failures=356
2026-06-13 22:42, failed, http=000, consecutive_failures=357
2026-06-13 23:45, failed, http=000, consecutive_failures=358
2026-06-14 02:01, failed, http=000, consecutive_failures=359
2026-06-14 06:47, failed, http=000, consecutive_failures=360
2026-06-14 10:15, failed, http=000, consecutive_failures=361
2026-06-14 12:15, failed, http=000, consecutive_failures=362
2026-06-14 14:29, failed, http=000, consecutive_failures=363
2026-06-14 16:05, failed, http=000, consecutive_failures=364
2026-06-14 17:39, failed, http=000, consecutive_failures=365
2026-06-14 18:53, failed, http=000, consecutive_failures=366
2026-06-14 20:12, failed, http=000, consecutive_failures=367
2026-06-14 21:37, failed, http=000, consecutive_failures=368
2026-06-14 22:47, failed, http=000, consecutive_failures=369
2026-06-14 23:52, failed, http=000, consecutive_failures=370
2026-06-15 02:08, failed, http=000, consecutive_failures=371
2026-06-15 07:34, failed, http=000, consecutive_failures=372
2026-06-15 13:33, failed, http=000, consecutive_failures=373
2026-06-15 18:11, failed, http=000, consecutive_failures=374
2026-06-15 21:19, failed, http=000, consecutive_failures=375
2026-06-15 23:11, failed, http=000, consecutive_failures=376
2026-06-16 01:46, failed, http=000, consecutive_failures=377
2026-06-16 07:07, failed, http=000, consecutive_failures=378
2026-06-16 12:19, failed, http=000, consecutive_failures=379
2026-06-16 17:24, failed, http=000, consecutive_failures=380
2026-06-16 20:21, failed, http=000, consecutive_failures=381
2026-06-16 22:24, failed, http=000, consecutive_failures=382
2026-06-16 23:52, failed, http=000, consecutive_failures=383
2026-06-17 02:08, failed, http=000, consecutive_failures=384
2026-06-17 07:24, failed, http=000, consecutive_failures=385
2026-06-17 11:59, failed, http=000, consecutive_failures=386
2026-06-17 15:31, failed, http=000, consecutive_failures=387
2026-06-17 18:02, failed, http=000, consecutive_failures=388
2026-06-17 20:25, failed, http=000, consecutive_failures=389
2026-06-17 22:17, failed, http=000, consecutive_failures=390
2026-06-17 23:51, failed, http=000, consecutive_failures=391
2026-06-18 02:05, failed, http=000, consecutive_failures=392
2026-06-18 07:01, failed, http=000, consecutive_failures=393
2026-06-18 11:11, failed, http=000, consecutive_failures=394
2026-06-18 14:20, failed, http=000, consecutive_failures=395
2026-06-18 17:33, failed, http=000, consecutive_failures=396
2026-06-18 19:40, failed, http=000, consecutive_failures=397
2026-06-18 21:36, failed, http=000, consecutive_failures=398
2026-06-18 23:22, failed, http=000, consecutive_failures=399
2026-06-19 02:10, failed, http=000, consecutive_failures=400
2026-06-19 07:23, failed, http=000, consecutive_failures=401
2026-06-19 11:43, failed, http=000, consecutive_failures=402
2026-06-19 14:28, failed, http=000, consecutive_failures=403
2026-06-19 16:57, failed, http=000, consecutive_failures=404
2026-06-19 18:50, failed, http=000, consecutive_failures=405
2026-06-19 20:21, failed, http=000, consecutive_failures=406
2026-06-19 21:38, failed, http=000, consecutive_failures=407
2026-06-19 22:33, failed, http=000, consecutive_failures=408
2026-06-19 23:40, failed, http=000, consecutive_failures=409
2026-06-20 01:50, failed, http=000, consecutive_failures=410
2026-06-20 06:04, failed, http=000, consecutive_failures=411
2026-06-20 09:31, failed, http=000, consecutive_failures=412
2026-06-20 11:30, failed, http=000, consecutive_failures=413
2026-06-20 13:04, failed, http=000, consecutive_failures=414
2026-06-20 15:07, failed, http=000, consecutive_failures=415
2026-06-20 16:43, failed, http=000, consecutive_failures=416
2026-06-20 17:59, failed, http=000, consecutive_failures=417
2026-06-20 19:25, failed, http=000, consecutive_failures=418
2026-06-20 20:46, failed, http=000, consecutive_failures=419
2026-06-20 21:54, failed, http=000, consecutive_failures=420
2026-06-20 22:55, failed, http=000, consecutive_failures=421
2026-06-20 23:57, failed, http=000, consecutive_failures=422
2026-06-21 03:30, failed, http=000, consecutive_failures=423
2026-06-21 08:15, failed, http=000, consecutive_failures=424
2026-06-21 11:24, failed, http=000, consecutive_failures=425
2026-06-21 13:20, failed, http=000, consecutive_failures=426
2026-06-21 15:18, failed, http=000, consecutive_failures=427
2026-06-21 16:55, failed, http=000, consecutive_failures=428
2026-06-21 18:14, failed, http=000, consecutive_failures=429
2026-06-21 20:02, failed, http=000, consecutive_failures=430
2026-06-21 21:21, failed, http=000, consecutive_failures=431
2026-06-21 22:38, failed, http=000, consecutive_failures=432
2026-06-21 23:53, failed, http=000, consecutive_failures=433
2026-06-22 02:11, failed, http=000, consecutive_failures=434
2026-06-22 07:39, failed, http=000, consecutive_failures=435
2026-06-22 13:15, failed, http=000, consecutive_failures=436
2026-06-22 17:50, failed, http=000, consecutive_failures=437
2026-06-22 20:24, failed, http=000, consecutive_failures=438
2026-06-22 22:19, failed, http=000, consecutive_failures=439
2026-06-22 23:45, failed, http=000, consecutive_failures=440
2026-06-23 01:34, failed, http=000, consecutive_failures=441
2026-06-23 05:48, failed, http=000, consecutive_failures=442
2026-06-23 08:49, failed, http=000, consecutive_failures=443
2026-06-23 11:47, failed, http=000, consecutive_failures=444
2026-06-23 14:07, failed, http=000, consecutive_failures=445
2026-06-23 16:35, failed, http=000, consecutive_failures=446
2026-06-23 18:25, failed, http=000, consecutive_failures=447
2026-06-23 20:28, failed, http=000, consecutive_failures=448
2026-06-23 21:56, failed, http=000, consecutive_failures=449
2026-06-23 22:59, failed, http=000, consecutive_failures=450
2026-06-23 23:57, failed, http=000, consecutive_failures=451
2026-06-24 02:43, failed, http=000, consecutive_failures=452
2026-06-24 06:31, failed, http=000, consecutive_failures=453
2026-06-24 09:58, failed, http=000, consecutive_failures=454
2026-06-24 12:16, failed, http=000, consecutive_failures=455
2026-06-24 15:10, failed, http=000, consecutive_failures=456
2026-06-24 17:16, failed, http=000, consecutive_failures=457
2026-06-24 19:00, failed, http=000, consecutive_failures=458
2026-06-24 20:49, failed, http=000, consecutive_failures=459
2026-06-24 22:01, failed, http=000, consecutive_failures=460
2026-06-24 23:12, failed, http=000, consecutive_failures=461
2026-06-25 00:20, failed, http=000, consecutive_failures=462
2026-06-25 04:37, failed, http=000, consecutive_failures=463
2026-06-25 08:01, failed, http=000, consecutive_failures=464
2026-06-25 10:46, failed, http=000, consecutive_failures=465
2026-06-25 13:07, failed, http=000, consecutive_failures=466
2026-06-25 15:44, failed, http=000, consecutive_failures=467
2026-06-25 17:34, failed, http=000, consecutive_failures=468
2026-06-25 19:26, failed, http=000, consecutive_failures=469
2026-06-25 21:09, failed, http=000, consecutive_failures=470
2026-06-25 22:42, failed, http=000, consecutive_failures=471
2026-06-25 23:57, failed, http=000, consecutive_failures=472
2026-06-26 02:48, failed, http=000, consecutive_failures=473
2026-06-26 06:39, failed, http=000, consecutive_failures=474
2026-06-26 10:00, failed, http=000, consecutive_failures=475
2026-06-26 12:12, failed, http=000, consecutive_failures=476
2026-06-26 14:46, failed, http=000, consecutive_failures=477
2026-06-26 16:51, failed, http=000, consecutive_failures=478
2026-06-26 18:18, failed, http=000, consecutive_failures=479
2026-06-26 20:13, failed, http=000, consecutive_failures=480
2026-06-26 21:39, failed, http=000, consecutive_failures=481
2026-06-26 22:48, failed, http=000, consecutive_failures=482
2026-06-26 23:48, failed, http=000, consecutive_failures=483
2026-06-27 01:46, failed, http=000, consecutive_failures=484
2026-06-27 05:39, failed, http=000, consecutive_failures=485
2026-06-27 08:14, failed, http=000, consecutive_failures=486
2026-06-27 10:23, failed, http=000, consecutive_failures=487
2026-06-27 11:49, failed, http=000, consecutive_failures=488
2026-06-27 12:58, failed, http=000, consecutive_failures=489
2026-06-27 14:27, failed, http=000, consecutive_failures=490
2026-06-27 15:47, failed, http=000, consecutive_failures=491
2026-06-27 16:48, failed, http=000, consecutive_failures=492
2026-06-27 17:47, failed, http=000, consecutive_failures=493
2026-06-27 18:54, failed, http=000, consecutive_failures=494
2026-06-27 20:01, failed, http=000, consecutive_failures=495
2026-06-27 21:11, failed, http=000, consecutive_failures=496
2026-06-27 22:14, failed, http=000, consecutive_failures=497
2026-06-27 23:16, failed, http=000, consecutive_failures=498
2026-06-28 00:15, failed, http=000, consecutive_failures=499
2026-06-28 04:51, failed, http=000, consecutive_failures=500
2026-06-28 08:13, failed, http=000, consecutive_failures=501
2026-06-28 10:34, failed, http=000, consecutive_failures=502
2026-06-28 12:05, failed, http=000, consecutive_failures=503
2026-06-28 14:08, failed, http=000, consecutive_failures=504
2026-06-28 15:37, failed, http=000, consecutive_failures=505
2026-06-28 16:45, failed, http=000, consecutive_failures=506
2026-06-28 17:49, failed, http=000, consecutive_failures=507
2026-06-28 18:54, failed, http=000, consecutive_failures=508
2026-06-28 20:03, failed, http=000, consecutive_failures=509
2026-06-28 21:12, failed, http=000, consecutive_failures=510
2026-06-28 22:13, failed, http=000, consecutive_failures=511
2026-06-28 23:17, failed, http=000, consecutive_failures=512
2026-06-29 01:32, failed, http=000, consecutive_failures=513
2026-06-29 06:19, failed, http=000, consecutive_failures=514
2026-06-29 11:26, failed, http=000, consecutive_failures=515
2026-06-29 14:54, failed, http=000, consecutive_failures=516
2026-06-29 17:25, failed, http=000, consecutive_failures=517
2026-06-29 19:19, failed, http=000, consecutive_failures=518
2026-06-29 21:01, failed, http=000, consecutive_failures=519
2026-06-29 22:13, failed, http=000, consecutive_failures=520
2026-06-29 23:15, failed, http=000, consecutive_failures=521
2026-06-30 00:20, failed, http=000, consecutive_failures=522
2026-06-30 04:37, failed, http=000, consecutive_failures=523
2026-06-30 08:08, failed, http=000, consecutive_failures=524
2026-06-30 11:18, failed, http=000, consecutive_failures=525
2026-06-30 13:17, failed, http=000, consecutive_failures=526
2026-06-30 15:42, failed, http=000, consecutive_failures=527
2026-06-30 17:27, failed, http=000, consecutive_failures=528
2026-06-30 19:16, failed, http=000, consecutive_failures=529
2026-06-30 21:06, failed, http=000, consecutive_failures=530
2026-06-30 22:22, failed, http=000, consecutive_failures=531
2026-06-30 23:40, failed, http=000, consecutive_failures=532
2026-07-01 01:55, failed, http=000, consecutive_failures=533
2026-07-01 06:14, failed, http=000, consecutive_failures=534
2026-07-01 10:13, failed, http=000, consecutive_failures=535
2026-07-01 12:47, failed, http=000, consecutive_failures=536
2026-07-01 15:30, failed, http=000, consecutive_failures=537
2026-07-01 17:28, failed, http=000, consecutive_failures=538
2026-07-01 19:17, failed, http=000, consecutive_failures=539
2026-07-01 20:55, failed, http=000, consecutive_failures=540
2026-07-01 22:11, failed, http=000, consecutive_failures=541
2026-07-01 23:40, failed, http=000, consecutive_failures=542
2026-07-02 01:35, failed, http=000, consecutive_failures=543
2026-07-02 05:38, failed, http=000, consecutive_failures=544
2026-07-02 08:31, failed, http=000, consecutive_failures=545
2026-07-02 11:09, failed, http=000, consecutive_failures=546
2026-07-02 13:04, failed, http=000, consecutive_failures=547
2026-07-02 15:25, failed, http=000, consecutive_failures=548
2026-07-02 17:07, failed, http=000, consecutive_failures=549
2026-07-02 18:44, failed, http=000, consecutive_failures=550
2026-07-02 20:07, failed, http=000, consecutive_failures=551
2026-07-02 21:20, failed, http=000, consecutive_failures=552
2026-07-02 22:30, failed, http=000, consecutive_failures=553
2026-07-02 23:38, failed, http=000, consecutive_failures=554
2026-07-03 01:13, failed, http=000, consecutive_failures=555
2026-07-03 04:56, failed, http=000, consecutive_failures=556
2026-07-03 07:55, failed, http=000, consecutive_failures=557
2026-07-03 10:25, failed, http=000, consecutive_failures=558
2026-07-03 12:23, failed, http=000, consecutive_failures=559
2026-07-03 14:35, failed, http=000, consecutive_failures=560
2026-07-03 16:09, failed, http=000, consecutive_failures=561
2026-07-03 17:44, failed, http=000, consecutive_failures=562
2026-07-03 18:50, failed, http=000, consecutive_failures=563
2026-07-03 20:05, failed, http=000, consecutive_failures=564
2026-07-03 21:19, failed, http=000, consecutive_failures=565
2026-07-03 22:17, failed, http=000, consecutive_failures=566
2026-07-03 23:29, failed, http=000, consecutive_failures=567
2026-07-04 01:08, failed, http=000, consecutive_failures=568
2026-07-04 04:47, failed, http=000, consecutive_failures=569
2026-07-04 07:30, failed, http=000, consecutive_failures=570
2026-07-04 09:37, failed, http=000, consecutive_failures=571
2026-07-04 11:08, failed, http=000, consecutive_failures=572
2026-07-04 12:14, failed, http=000, consecutive_failures=573
2026-07-04 13:57, failed, http=000, consecutive_failures=574
2026-07-04 15:02, failed, http=000, consecutive_failures=575
2026-07-04 16:09, failed, http=000, consecutive_failures=576
2026-07-04 17:17, failed, http=000, consecutive_failures=577
2026-07-04 18:14, failed, http=000, consecutive_failures=578
2026-07-04 19:36, failed, http=000, consecutive_failures=579
2026-07-04 20:31, failed, http=000, consecutive_failures=580
2026-07-04 21:29, failed, http=000, consecutive_failures=581
2026-07-04 22:27, failed, http=000, consecutive_failures=582
2026-07-04 23:29, failed, http=000, consecutive_failures=583
2026-07-05 01:15, failed, http=000, consecutive_failures=584
2026-07-05 05:08, failed, http=000, consecutive_failures=585
2026-07-05 08:11, failed, http=000, consecutive_failures=586
2026-07-05 10:25, failed, http=000, consecutive_failures=587
2026-07-05 11:51, failed, http=000, consecutive_failures=588
2026-07-05 12:58, failed, http=000, consecutive_failures=589
2026-07-05 14:29, failed, http=000, consecutive_failures=590
2026-07-05 15:46, failed, http=000, consecutive_failures=591
2026-07-05 16:45, failed, http=000, consecutive_failures=592
2026-07-05 17:45, failed, http=000, consecutive_failures=593
2026-07-05 18:46, failed, http=000, consecutive_failures=594
2026-07-05 19:59, failed, http=000, consecutive_failures=595
2026-07-05 21:01, failed, http=000, consecutive_failures=596
2026-07-05 22:04, failed, http=000, consecutive_failures=597
2026-07-05 23:12, failed, http=000, consecutive_failures=598
2026-07-06 00:15, failed, http=000, consecutive_failures=599
2026-07-06 04:39, failed, http=000, consecutive_failures=600
2026-07-06 08:48, failed, http=000, consecutive_failures=601
2026-07-06 12:29, failed, http=000, consecutive_failures=602
2026-07-06 15:59, failed, http=000, consecutive_failures=603
2026-07-06 18:09, failed, http=000, consecutive_failures=604
2026-07-06 20:11, failed, http=000, consecutive_failures=605
2026-07-06 21:45, failed, http=000, consecutive_failures=606
2026-07-06 22:47, failed, http=000, consecutive_failures=607
2026-07-06 23:47, failed, http=000, consecutive_failures=608
2026-07-07 01:25, failed, http=000, consecutive_failures=609
2026-07-07 05:13, failed, http=000, consecutive_failures=610
2026-07-07 08:41, failed, http=000, consecutive_failures=611
2026-07-07 11:28, failed, http=000, consecutive_failures=612
2026-07-07 13:32, failed, http=000, consecutive_failures=613
2026-07-07 16:04, failed, http=000, consecutive_failures=614
2026-07-07 18:09, failed, http=000, consecutive_failures=615
2026-07-07 20:09, failed, http=000, consecutive_failures=616
2026-07-07 21:38, failed, http=000, consecutive_failures=617
2026-07-07 22:41, failed, http=000, consecutive_failures=618
2026-07-07 23:35, failed, http=000, consecutive_failures=619
2026-07-08 01:04, failed, http=000, consecutive_failures=620
2026-07-08 04:24, failed, http=000, consecutive_failures=621
2026-07-08 06:42, failed, http=000, consecutive_failures=622
2026-07-08 09:12, failed, http=000, consecutive_failures=623
2026-07-08 11:16, failed, http=000, consecutive_failures=624
2026-07-08 12:52, failed, http=000, consecutive_failures=625
2026-07-08 15:03, failed, http=000, consecutive_failures=626
2026-07-08 16:45, failed, http=000, consecutive_failures=627
2026-07-08 18:07, failed, http=000, consecutive_failures=628
2026-07-08 19:49, failed, http=000, consecutive_failures=629
2026-07-08 20:48, failed, http=000, consecutive_failures=630
2026-07-08 21:51, failed, http=000, consecutive_failures=631
2026-07-08 22:47, failed, http=000, consecutive_failures=632
2026-07-08 23:48, failed, http=000, consecutive_failures=633
2026-07-09 01:19, failed, http=000, consecutive_failures=634
2026-07-09 05:10, failed, http=000, consecutive_failures=635
2026-07-09 11:32, failed, http=000, consecutive_failures=636
2026-07-09 14:06, failed, http=000, consecutive_failures=637
2026-07-09 16:35, failed, http=000, consecutive_failures=638
2026-07-09 18:20, failed, http=000, consecutive_failures=639
2026-07-09 20:10, failed, http=000, consecutive_failures=640
2026-07-09 21:40, failed, http=000, consecutive_failures=641
2026-07-09 22:53, failed, http=000, consecutive_failures=642
2026-07-09 23:55, failed, http=000, consecutive_failures=643
2026-07-10 01:26, failed, http=000, consecutive_failures=644
2026-07-10 05:28, failed, http=000, consecutive_failures=645
2026-07-10 08:47, failed, http=000, consecutive_failures=646
2026-07-10 11:35, failed, http=000, consecutive_failures=647
2026-07-10 13:30, failed, http=000, consecutive_failures=648
2026-07-10 15:55, failed, http=000, consecutive_failures=649
2026-07-10 17:39, failed, http=000, consecutive_failures=650
2026-07-10 19:07, failed, http=000, consecutive_failures=651
2026-07-10 20:39, failed, http=000, consecutive_failures=652
2026-07-10 21:38, failed, http=000, consecutive_failures=653
2026-07-10 22:37, failed, http=000, consecutive_failures=654
2026-07-10 23:33, failed, http=000, consecutive_failures=655
2026-07-11 01:01, failed, http=000, consecutive_failures=656
2026-07-11 04:15, failed, http=000, consecutive_failures=657
2026-07-11 06:26, failed, http=000, consecutive_failures=658
2026-07-11 08:17, failed, http=000, consecutive_failures=659
2026-07-11 09:50, failed, http=000, consecutive_failures=660
2026-07-11 10:46, failed, http=000, consecutive_failures=661
2026-07-11 11:36, failed, http=000, consecutive_failures=662
2026-07-11 12:34, failed, http=000, consecutive_failures=663
2026-07-11 14:03, failed, http=000, consecutive_failures=664
2026-07-11 15:04, failed, http=000, consecutive_failures=665
2026-07-11 16:03, failed, http=000, consecutive_failures=666
2026-07-11 17:07, failed, http=000, consecutive_failures=667
2026-07-11 18:01, failed, http=000, consecutive_failures=668
2026-07-11 19:12, failed, http=000, consecutive_failures=669
2026-07-11 20:10, failed, http=000, consecutive_failures=670
2026-07-11 21:02, failed, http=000, consecutive_failures=671
2026-07-11 21:56, failed, http=000, consecutive_failures=672
2026-07-11 22:37, failed, http=000, consecutive_failures=673
2026-07-11 23:33, failed, http=000, consecutive_failures=674
2026-07-12 01:07, failed, http=000, consecutive_failures=675
2026-07-12 04:32, failed, http=000, consecutive_failures=676
2026-07-12 07:08, failed, http=000, consecutive_failures=677
2026-07-12 09:10, failed, http=000, consecutive_failures=678
2026-07-12 10:42, failed, http=000, consecutive_failures=679
2026-07-12 11:42, failed, http=000, consecutive_failures=680
2026-07-12 12:35, failed, http=000, consecutive_failures=681
2026-07-12 14:08, failed, http=000, consecutive_failures=682
2026-07-12 15:10, failed, http=000, consecutive_failures=683
2026-07-12 16:08, failed, http=000, consecutive_failures=684
2026-07-12 17:12, failed, http=000, consecutive_failures=685
2026-07-12 18:07, failed, http=000, consecutive_failures=686
2026-07-12 19:19, failed, http=000, consecutive_failures=687
2026-07-12 20:10, failed, http=000, consecutive_failures=688
2026-07-12 21:03, failed, http=000, consecutive_failures=689
2026-07-12 21:59, failed, http=000, consecutive_failures=690
2026-07-12 22:47, failed, http=000, consecutive_failures=691
2026-07-12 23:37, failed, http=000, consecutive_failures=692
2026-07-13 01:10, failed, http=000, consecutive_failures=693
2026-07-13 04:42, failed, http=000, consecutive_failures=694
2026-07-13 07:52, failed, http=000, consecutive_failures=695
2026-07-13 10:44, failed, http=000, consecutive_failures=696
2026-07-13 13:04, failed, http=000, consecutive_failures=697
2026-07-13 15:47, failed, http=000, consecutive_failures=698
2026-07-13 17:43, failed, http=000, consecutive_failures=699
2026-07-13 19:03, failed, http=000, consecutive_failures=700
2026-07-13 20:20, failed, http=000, consecutive_failures=701
2026-07-13 21:15, failed, http=000, consecutive_failures=702
2026-07-13 22:10, failed, http=000, consecutive_failures=703
2026-07-13 23:10, failed, http=000, consecutive_failures=704
2026-07-14 00:03, failed, http=000, consecutive_failures=705
2026-07-14 03:21, failed, http=000, consecutive_failures=706
2026-07-14 05:42, failed, http=000, consecutive_failures=707
2026-07-14 07:27, failed, http=000, consecutive_failures=708
2026-07-14 09:22, failed, http=000, consecutive_failures=709
2026-07-14 10:58, failed, http=000, consecutive_failures=710
2026-07-14 12:08, failed, http=000, consecutive_failures=711
2026-07-14 14:08, failed, http=000, consecutive_failures=712
2026-07-14 15:41, failed, http=000, consecutive_failures=713
2026-07-14 16:49, failed, http=000, consecutive_failures=714
2026-07-14 17:50, failed, http=000, consecutive_failures=715
2026-07-14 18:52, failed, http=000, consecutive_failures=716
2026-07-14 20:00, failed, http=000, consecutive_failures=717
2026-07-14 21:02, failed, http=000, consecutive_failures=718
2026-07-14 22:04, failed, http=000, consecutive_failures=719
2026-07-14 23:05, failed, http=000, consecutive_failures=720
2026-07-15 00:00, failed, http=000, consecutive_failures=721
2026-07-15 02:41, failed, http=000, consecutive_failures=722
2026-07-15 05:17, failed, http=000, consecutive_failures=723
2026-07-15 07:24, failed, http=000, consecutive_failures=724
2026-07-15 09:25, failed, http=000, consecutive_failures=725
2026-07-15 11:05, failed, http=000, consecutive_failures=726
2026-07-15 12:21, failed, http=000, consecutive_failures=727
2026-07-15 14:15, failed, http=000, consecutive_failures=728
2026-07-15 15:50, failed, http=000, consecutive_failures=729
2026-07-15 16:58, failed, http=000, consecutive_failures=730
2026-07-15 18:03, failed, http=000, consecutive_failures=731
2026-07-15 19:24, failed, http=000, consecutive_failures=732
2026-07-15 20:29, failed, http=000, consecutive_failures=733
2026-07-15 21:29, failed, http=000, consecutive_failures=734
2026-07-15 22:29, failed, http=000, consecutive_failures=735
2026-07-15 23:27, failed, http=000, consecutive_failures=736
2026-07-16 00:54, failed, http=000, consecutive_failures=737
2026-07-16 03:53, failed, http=000, consecutive_failures=738
2026-07-16 06:07, failed, http=000, consecutive_failures=739
2026-07-16 08:29, failed, http=000, consecutive_failures=740
2026-07-16 10:26, failed, http=000, consecutive_failures=741
2026-07-16 11:57, failed, http=000, consecutive_failures=742
2026-07-16 13:28, failed, http=000, consecutive_failures=743
2026-07-16 15:16, failed, http=000, consecutive_failures=744
2026-07-16 16:42, failed, http=000, consecutive_failures=745
2026-07-16 17:51, failed, http=000, consecutive_failures=746
